#
# There is insufficient memory for the Java Runtime Environment to continue.
# Native memory allocation (malloc) failed to allocate 536870912 bytes for committing reserved memory.
# Possible reasons:
#   The system is out of physical RAM or swap space
#   In 32 bit mode, the process size limit was hit
# Possible solutions:
#   Reduce memory load on the system
#   Increase physical memory or swap space
#   Check if swap backing store is full
#   Use 64 bit Java on a 64 bit OS
#   Decrease Java heap size (-Xmx/-Xms)
#   Decrease number of Java threads
#   Decrease Java thread stack sizes (-Xss)
#   Set larger code cache with -XX:ReservedCodeCacheSize=
# This output file may be truncated or incomplete.
#
#  Out of Memory Error (os_linux.cpp:2756), pid=18499, tid=4135521088
#
# JRE version:  (7.0_80-b15) (build )
# Java VM: Java HotSpot(TM) Server VM (24.80-b11 mixed mode linux-x86 )
# Failed to write core dump. Core dumps have been disabled. To enable core dumping, try "ulimit -c unlimited" before starting Java again
#

---------------  T H R E A D  ---------------

Current thread (0xf6607800):  JavaThread "Unknown thread" [_thread_in_vm, id=18500, stack(0xf67a0000,0xf67f1000)]

Stack: [0xf67a0000,0xf67f1000],  sp=0xf67efb30,  free space=318k
Native frames: (J=compiled Java code, j=interpreted, Vv=VM code, C=native code)
V  [libjvm.so+0x7ea656]  VMError::report_and_die()+0x1a6
V  [libjvm.so+0x33eb82]  report_vm_out_of_memory(char const*, int, unsigned int, char const*)+0x72
V  [libjvm.so+0x687fb1]  os::Linux::commit_memory_impl(char*, unsigned int, bool)+0xe1
V  [libjvm.so+0x688478]  os::pd_commit_memory(char*, unsigned int, unsigned int, bool)+0x28
V  [libjvm.so+0x681b2c]  os::commit_memory(char*, unsigned int, unsigned int, bool)+0x2c
V  [libjvm.so+0x6ea8d8]  PSVirtualSpace::expand_by(unsigned int)+0x48
V  [libjvm.so+0x6dc6dd]  PSOldGen::initialize(ReservedSpace, unsigned int, char const*, int)+0x7d
V  [libjvm.so+0x187f26]  AdjoiningGenerations::AdjoiningGenerations(ReservedSpace, unsigned int, unsigned int, unsigned int, unsigned int, unsigned int, unsigned int, unsigned int)+0x2a6
V  [libjvm.so+0x6a7af4]  ParallelScavengeHeap::initialize()+0x3b4
V  [libjvm.so+0x7bd1c4]  Universe::initialize_heap()+0xa4
V  [libjvm.so+0x7be7f5]  universe_init()+0x55
V  [libjvm.so+0x452775]  init_globals()+0x55
V  [libjvm.so+0x7a73b0]  Threads::create_vm(JavaVMInitArgs*, bool*)+0x200
V  [libjvm.so+0x4c544c]  JNI_CreateJavaVM+0x5c
C  [libjli.so+0x2688]  JavaMain+0x98
C  [libpthread.so.0+0x61aa]  start_thread+0xda


---------------  P R O C E S S  ---------------

Java Threads: ( => current thread )

Other Threads:

=>0xf6607800 (exited) JavaThread "Unknown thread" [_thread_in_vm, id=18500, stack(0xf67a0000,0xf67f1000)]

VM state:not at safepoint (not fully initialized)

VM Mutex/Monitor currently owned by a thread: None

GC Heap History (0 events):
No events

Deoptimization events (0 events):
No events

Internal exceptions (0 events):
No events

Events (0 events):
No events


Dynamic libraries:
08048000-08049000 r-xp 00000000 08:0c 6701354                            /usr/lib/jvm/jdk1.7.0_80/bin/java
08049000-0804a000 rw-p 00000000 08:0c 6701354                            /usr/lib/jvm/jdk1.7.0_80/bin/java
091a2000-091c3000 rw-p 00000000 00:00 0                                  [heap]
b333f000-b34bf000 rw-p 00000000 00:00 0 
b34bf000-b3540000 rw-p 00000000 00:00 0 
b3540000-c3540000 rw-p 00000000 00:00 0 
e3324000-f3549000 rw-p 00000000 00:00 0 
f3549000-f3600000 rw-p 00000000 00:00 0 
f3600000-f3840000 rwxp 00000000 00:00 0 
f3840000-f6621000 rw-p 00000000 00:00 0 
f6621000-f6700000 ---p 00000000 00:00 0 
f670c000-f6723000 r-xp 00000000 08:0c 6970856                            /usr/lib/jvm/jdk1.7.0_80/jre/lib/i386/libzip.so
f6723000-f6724000 rw-p 00016000 08:0c 6970856                            /usr/lib/jvm/jdk1.7.0_80/jre/lib/i386/libzip.so
f6724000-f672f000 r-xp 00000000 08:0c 534753                             /lib/i386-linux-gnu/libnss_files-2.21.so
f672f000-f6730000 r--p 0000a000 08:0c 534753                             /lib/i386-linux-gnu/libnss_files-2.21.so
f6730000-f6731000 rw-p 0000b000 08:0c 534753                             /lib/i386-linux-gnu/libnss_files-2.21.so
f6731000-f673c000 r-xp 00000000 08:0c 534767                             /lib/i386-linux-gnu/libnss_nis-2.21.so
f673c000-f673d000 r--p 0000a000 08:0c 534767                             /lib/i386-linux-gnu/libnss_nis-2.21.so
f673d000-f673e000 rw-p 0000b000 08:0c 534767                             /lib/i386-linux-gnu/libnss_nis-2.21.so
f673e000-f6755000 r-xp 00000000 08:0c 534770                             /lib/i386-linux-gnu/libnsl-2.21.so
f6755000-f6756000 r--p 00016000 08:0c 534770                             /lib/i386-linux-gnu/libnsl-2.21.so
f6756000-f6757000 rw-p 00017000 08:0c 534770                             /lib/i386-linux-gnu/libnsl-2.21.so
f6757000-f6759000 rw-p 00000000 00:00 0 
f676a000-f676b000 rw-p 00000000 00:00 0 
f676b000-f6773000 rw-s 00000000 08:0c 6972546                            /tmp/hsperfdata_juan/18499
f6773000-f6796000 r-xp 00000000 08:0c 6970833                            /usr/lib/jvm/jdk1.7.0_80/jre/lib/i386/libjava.so
f6796000-f6797000 rw-p 00023000 08:0c 6970833                            /usr/lib/jvm/jdk1.7.0_80/jre/lib/i386/libjava.so
f6797000-f679e000 r-xp 00000000 08:0c 534754                             /lib/i386-linux-gnu/librt-2.21.so
f679e000-f679f000 r--p 00006000 08:0c 534754                             /lib/i386-linux-gnu/librt-2.21.so
f679f000-f67a0000 rw-p 00007000 08:0c 534754                             /lib/i386-linux-gnu/librt-2.21.so
f67a0000-f67a3000 ---p 00000000 00:00 0 
f67a3000-f67f1000 rw-p 00000000 00:00 0 
f67f1000-f683c000 r-xp 00000000 08:0c 534756                             /lib/i386-linux-gnu/libm-2.21.so
f683c000-f683d000 r--p 0004a000 08:0c 534756                             /lib/i386-linux-gnu/libm-2.21.so
f683d000-f683e000 rw-p 0004b000 08:0c 534756                             /lib/i386-linux-gnu/libm-2.21.so
f683e000-f70c5000 r-xp 00000000 08:0c 6970862                            /usr/lib/jvm/jdk1.7.0_80/jre/lib/i386/server/libjvm.so
f70c5000-f7129000 rw-p 00886000 08:0c 6970862                            /usr/lib/jvm/jdk1.7.0_80/jre/lib/i386/server/libjvm.so
f7129000-f754d000 rw-p 00000000 00:00 0 
f754d000-f7701000 r-xp 00000000 08:0c 534773                             /lib/i386-linux-gnu/libc-2.21.so
f7701000-f7704000 r--p 001b3000 08:0c 534773                             /lib/i386-linux-gnu/libc-2.21.so
f7704000-f7706000 rw-p 001b6000 08:0c 534773                             /lib/i386-linux-gnu/libc-2.21.so
f7706000-f7708000 rw-p 00000000 00:00 0 
f7708000-f770b000 r-xp 00000000 08:0c 534760                             /lib/i386-linux-gnu/libdl-2.21.so
f770b000-f770c000 r--p 00002000 08:0c 534760                             /lib/i386-linux-gnu/libdl-2.21.so
f770c000-f770d000 rw-p 00003000 08:0c 534760                             /lib/i386-linux-gnu/libdl-2.21.so
f770d000-f770e000 rw-p 00000000 00:00 0 
f770e000-f7722000 r-xp 00000000 08:0c 6702162                            /usr/lib/jvm/jdk1.7.0_80/lib/i386/jli/libjli.so
f7722000-f7723000 rw-p 00013000 08:0c 6702162                            /usr/lib/jvm/jdk1.7.0_80/lib/i386/jli/libjli.so
f7723000-f773c000 r-xp 00000000 08:0c 534757                             /lib/i386-linux-gnu/libpthread-2.21.so
f773c000-f773d000 r--p 00018000 08:0c 534757                             /lib/i386-linux-gnu/libpthread-2.21.so
f773d000-f773e000 rw-p 00019000 08:0c 534757                             /lib/i386-linux-gnu/libpthread-2.21.so
f773e000-f7741000 rw-p 00000000 00:00 0 
f7741000-f7742000 rw-p 00000000 00:00 0 
f7742000-f774a000 r-xp 00000000 08:0c 534755                             /lib/i386-linux-gnu/libnss_compat-2.21.so
f774a000-f774b000 r--p 00007000 08:0c 534755                             /lib/i386-linux-gnu/libnss_compat-2.21.so
f774b000-f774c000 rw-p 00008000 08:0c 534755                             /lib/i386-linux-gnu/libnss_compat-2.21.so
f774c000-f774d000 rw-p 00000000 00:00 0 
f774d000-f774e000 r--p 00000000 00:00 0 
f774e000-f7759000 r-xp 00000000 08:0c 6970852                            /usr/lib/jvm/jdk1.7.0_80/jre/lib/i386/libverify.so
f7759000-f775a000 rw-p 0000b000 08:0c 6970852                            /usr/lib/jvm/jdk1.7.0_80/jre/lib/i386/libverify.so
f775a000-f775c000 rw-p 00000000 00:00 0 
f775c000-f775e000 r--p 00000000 00:00 0                                  [vvar]
f775e000-f775f000 r-xp 00000000 00:00 0                                  [vdso]
f775f000-f7781000 r-xp 00000000 08:0c 534771                             /lib/i386-linux-gnu/ld-2.21.so
f7781000-f7782000 r--p 00021000 08:0c 534771                             /lib/i386-linux-gnu/ld-2.21.so
f7782000-f7783000 rw-p 00022000 08:0c 534771                             /lib/i386-linux-gnu/ld-2.21.so
ffa1f000-ffa20000 rwxp 00000000 00:00 0 
ffa52000-ffa73000 rw-p 00000000 00:00 0                                  [stack]

VM Arguments:
jvm_args: -Dgrails.home=/home/juan/.sdkman/candidates/grails/2.3.11 -Dtools.jar=/usr/lib/jvm/jdk1.7.0_80/lib/tools.jar -Dgroovy.starter.conf=/home/juan/.sdkman/candidates/grails/2.3.11/conf/groovy-starter.conf -Xmx768M -Xms768M -XX:MaxPermSize=256m -XX:PermSize=256m -Dbase.dir=/home/juan/Escritorio/OR.MAT.INS -Dfile.encoding=UTF-8 
java_command: org.codehaus.groovy.grails.cli.support.GrailsStarter --main org.codehaus.groovy.grails.cli.GrailsScriptRunner --conf /home/juan/.sdkman/candidates/grails/2.3.11/conf/groovy-starter.conf idea-print-project-settings -plain-output
Launcher Type: SUN_STANDARD

Environment Variables:
JAVA_HOME=/usr/lib/jvm/jdk1.7.0_80
PATH=/home/juan/.sdkman/candidates/groovy/current/bin:/home/juan/.sdkman/candidates/grails/current/bin:/usr/local/sbin:/usr/local/bin:/usr/sbin:/usr/bin:/sbin:/bin:/usr/games:/usr/local/games:/home/juan/bin:/usr/lib/jvm/jdk1.7.0_80/bin
LD_LIBRARY_PATH=/home/juan/idea-IU-171.3780.107/bin:
SHELL=/bin/bash
DISPLAY=:0

Signal Handlers:
SIGSEGV: [libjvm.so+0x7eb160], sa_mask[0]=0x7ffbfeff, sa_flags=0x10000004
SIGBUS: [libjvm.so+0x7eb160], sa_mask[0]=0x7ffbfeff, sa_flags=0x10000004
SIGFPE: [libjvm.so+0x684ac0], sa_mask[0]=0x7ffbfeff, sa_flags=0x10000004
SIGPIPE: [libjvm.so+0x684ac0], sa_mask[0]=0x7ffbfeff, sa_flags=0x10000004
SIGXFSZ: [libjvm.so+0x684ac0], sa_mask[0]=0x7ffbfeff, sa_flags=0x10000004
SIGILL: [libjvm.so+0x684ac0], sa_mask[0]=0x7ffbfeff, sa_flags=0x10000004
SIGUSR1: SIG_DFL, sa_mask[0]=0x00000000, sa_flags=0x00000000
SIGUSR2: [libjvm.so+0x686330], sa_mask[0]=0x00000004, sa_flags=0x10000004
SIGHUP: SIG_DFL, sa_mask[0]=0x00000000, sa_flags=0x00000000
SIGINT: SIG_DFL, sa_mask[0]=0x00000000, sa_flags=0x00000000
SIGTERM: SIG_DFL, sa_mask[0]=0x00000000, sa_flags=0x00000000
SIGQUIT: SIG_DFL, sa_mask[0]=0x00000000, sa_flags=0x00000000


---------------  S Y S T E M  ---------------

OS:jessie/sid

uname:Linux 4.2.0-42-generic #49-Ubuntu SMP Tue Jun 28 21:26:26 UTC 2016 x86_64
libc:glibc 2.21 NPTL 2.21 
rlimit: STACK 8192k, CORE 0k, NPROC 14959, NOFILE 65536, AS infinity
load average:1.72 2.70 2.72

/proc/meminfo:
MemTotal:        3936276 kB
MemFree:          129496 kB
MemAvailable:     225948 kB
Buffers:           19212 kB
Cached:           318860 kB
SwapCached:        69560 kB
Active:          2474228 kB
Inactive:        1109900 kB
Active(anon):    2310220 kB
Inactive(anon):  1032072 kB
Active(file):     164008 kB
Inactive(file):    77828 kB
Unevictable:          56 kB
Mlocked:              56 kB
SwapTotal:       4083196 kB
SwapFree:         119628 kB
Dirty:             14164 kB
Writeback:             0 kB
AnonPages:       3176684 kB
Mapped:           121024 kB
Shmem:             96240 kB
Slab:             103468 kB
SReclaimable:      47100 kB
SUnreclaim:        56368 kB
KernelStack:       14816 kB
PageTables:        49228 kB
NFS_Unstable:          0 kB
Bounce:                0 kB
WritebackTmp:          0 kB
CommitLimit:     6051332 kB
Committed_AS:   12664656 kB
VmallocTotal:   34359738367 kB
VmallocUsed:      545624 kB
VmallocChunk:   34358423548 kB
HardwareCorrupted:     0 kB
AnonHugePages:   1247232 kB
CmaTotal:              0 kB
CmaFree:               0 kB
HugePages_Total:       0
HugePages_Free:        0
HugePages_Rsvd:        0
HugePages_Surp:        0
Hugepagesize:       2048 kB
DirectMap4k:      135936 kB
DirectMap2M:     3948544 kB
DirectMap1G:     1048576 kB


CPU:total 4 (2 cores per cpu, 2 threads per core) family 6 model 69 stepping 1, cmov, cx8, fxsr, mmx, sse, sse2, sse3, ssse3, sse4.1, sse4.2, popcnt, avx, avx2, aes, erms, ht, tsc, tscinvbit

/proc/cpuinfo:
processor	: 0
vendor_id	: GenuineIntel
cpu family	: 6
model		: 69
model name	: Intel(R) Core(TM) i3-4005U CPU @ 1.70GHz
stepping	: 1
microcode	: 0x1c
cpu MHz		: 1699.933
cache size	: 3072 KB
physical id	: 0
siblings	: 4
core id		: 0
cpu cores	: 2
apicid		: 0
initial apicid	: 0
fpu		: yes
fpu_exception	: yes
cpuid level	: 13
wp		: yes
flags		: fpu vme de pse tsc msr pae mce cx8 apic sep mtrr pge mca cmov pat pse36 clflush dts acpi mmx fxsr sse sse2 ss ht tm pbe syscall nx pdpe1gb rdtscp lm constant_tsc arch_perfmon pebs bts rep_good nopl xtopology nonstop_tsc aperfmperf eagerfpu pni pclmulqdq dtes64 monitor ds_cpl vmx est tm2 ssse3 fma cx16 xtpr pdcm pcid sse4_1 sse4_2 movbe popcnt tsc_deadline_timer aes xsave avx f16c rdrand lahf_lm abm arat epb pln pts dtherm tpr_shadow vnmi flexpriority ept vpid fsgsbase tsc_adjust bmi1 avx2 smep bmi2 erms invpcid xsaveopt
bugs		:
bogomips	: 3392.08
clflush size	: 64
cache_alignment	: 64
address sizes	: 39 bits physical, 48 bits virtual
power management:

processor	: 1
vendor_id	: GenuineIntel
cpu family	: 6
model		: 69
model name	: Intel(R) Core(TM) i3-4005U CPU @ 1.70GHz
stepping	: 1
microcode	: 0x1c
cpu MHz		: 1699.933
cache size	: 3072 KB
physical id	: 0
siblings	: 4
core id		: 0
cpu cores	: 2
apicid		: 1
initial apicid	: 1
fpu		: yes
fpu_exception	: yes
cpuid level	: 13
wp		: yes
flags		: fpu vme de pse tsc msr pae mce cx8 apic sep mtrr pge mca cmov pat pse36 clflush dts acpi mmx fxsr sse sse2 ss ht tm pbe syscall nx pdpe1gb rdtscp lm constant_tsc arch_perfmon pebs bts rep_good nopl xtopology nonstop_tsc aperfmperf eagerfpu pni pclmulqdq dtes64 monitor ds_cpl vmx est tm2 ssse3 fma cx16 xtpr pdcm pcid sse4_1 sse4_2 movbe popcnt tsc_deadline_timer aes xsave avx f16c rdrand lahf_lm abm arat epb pln pts dtherm tpr_shadow vnmi flexpriority ept vpid fsgsbase tsc_adjust bmi1 avx2 smep bmi2 erms invpcid xsaveopt
bugs		:
bogomips	: 3392.08
clflush size	: 64
cache_alignment	: 64
address sizes	: 39 bits physical, 48 bits virtual
power management:

processor	: 2
vendor_id	: GenuineIntel
cpu family	: 6
model		: 69
model name	: Intel(R) Core(TM) i3-4005U CPU @ 1.70GHz
stepping	: 1
microcode	: 0x1c
cpu MHz		: 1700.000
cache size	: 3072 KB
physical id	: 0
siblings	: 4
core id		: 1
cpu cores	: 2
apicid		: 2
initial apicid	: 2
fpu		: yes
fpu_exception	: yes
cpuid level	: 13
wp		: yes
flags		: fpu vme de pse tsc msr pae mce cx8 apic sep mtrr pge mca cmov pat pse36 clflush dts acpi mmx fxsr sse sse2 ss ht tm pbe syscall nx pdpe1gb rdtscp lm constant_tsc arch_perfmon pebs bts rep_good nopl xtopology nonstop_tsc aperfmperf eagerfpu pni pclmulqdq dtes64 monitor ds_cpl vmx est tm2 ssse3 fma cx16 xtpr pdcm pcid sse4_1 sse4_2 movbe popcnt tsc_deadline_timer aes xsave avx f16c rdrand lahf_lm abm arat epb pln pts dtherm tpr_shadow vnmi flexpriority ept vpid fsgsbase tsc_adjust bmi1 avx2 smep bmi2 erms invpcid xsaveopt
bugs		:
bogomips	: 3392.08
clflush size	: 64
cache_alignment	: 64
address sizes	: 39 bits physical, 48 bits virtual
power management:

processor	: 3
vendor_id	: GenuineIntel
cpu family	: 6
model		: 69
model name	: Intel(R) Core(TM) i3-4005U CPU @ 1.70GHz
stepping	: 1
microcode	: 0x1c
cpu MHz		: 1699.933
cache size	: 3072 KB
physical id	: 0
siblings	: 4
core id		: 1
cpu cores	: 2
apicid		: 3
initial apicid	: 3
fpu		: yes
fpu_exception	: yes
cpuid level	: 13
wp		: yes
flags		: fpu vme de pse tsc msr pae mce cx8 apic sep mtrr pge mca cmov pat pse36 clflush dts acpi mmx fxsr sse sse2 ss ht tm pbe syscall nx pdpe1gb rdtscp lm constant_tsc arch_perfmon pebs bts rep_good nopl xtopology nonstop_tsc aperfmperf eagerfpu pni pclmulqdq dtes64 monitor ds_cpl vmx est tm2 ssse3 fma cx16 xtpr pdcm pcid sse4_1 sse4_2 movbe popcnt tsc_deadline_timer aes xsave avx f16c rdrand lahf_lm abm arat epb pln pts dtherm tpr_shadow vnmi flexpriority ept vpid fsgsbase tsc_adjust bmi1 avx2 smep bmi2 erms invpcid xsaveopt
bugs		:
bogomips	: 3392.08
clflush size	: 64
cache_alignment	: 64
address sizes	: 39 bits physical, 48 bits virtual
power management:



Memory: 4k page, physical 3936276k(129240k free), swap 4083196k(119636k free)

vm_info: Java HotSpot(TM) Server VM (24.80-b11) for linux-x86 JRE (1.7.0_80-b15), built on Apr 10 2015 12:29:10 by "java_re" with gcc 4.3.0 20080428 (Red Hat 4.3.0-8)

time: Sat Oct 14 19:03:47 2017
elapsed time: 0 seconds

