#
# There is insufficient memory for the Java Runtime Environment to continue.
# Native memory allocation (malloc) failed to allocate 536870912 bytes for committing reserved memory.
# Possible reasons:
#   The system is out of physical RAM or swap space
#   In 32 bit mode, the process size limit was hit
# Possible solutions:
#   Reduce memory load on the system
#   Increase physical memory or swap space
#   Check if swap backing store is full
#   Use 64 bit Java on a 64 bit OS
#   Decrease Java heap size (-Xmx/-Xms)
#   Decrease number of Java threads
#   Decrease Java thread stack sizes (-Xss)
#   Set larger code cache with -XX:ReservedCodeCacheSize=
# This output file may be truncated or incomplete.
#
#  Out of Memory Error (os_linux.cpp:2756), pid=18417, tid=4135746368
#
# JRE version:  (7.0_80-b15) (build )
# Java VM: Java HotSpot(TM) Server VM (24.80-b11 mixed mode linux-x86 )
# Failed to write core dump. Core dumps have been disabled. To enable core dumping, try "ulimit -c unlimited" before starting Java again
#

---------------  T H R E A D  ---------------

Current thread (0xf6607800):  JavaThread "Unknown thread" [_thread_in_vm, id=18419, stack(0xf67d7000,0xf6828000)]

Stack: [0xf67d7000,0xf6828000],  sp=0xf6826b30,  free space=318k
Native frames: (J=compiled Java code, j=interpreted, Vv=VM code, C=native code)
V  [libjvm.so+0x7ea656]  VMError::report_and_die()+0x1a6
V  [libjvm.so+0x33eb82]  report_vm_out_of_memory(char const*, int, unsigned int, char const*)+0x72
V  [libjvm.so+0x687fb1]  os::Linux::commit_memory_impl(char*, unsigned int, bool)+0xe1
V  [libjvm.so+0x688478]  os::pd_commit_memory(char*, unsigned int, unsigned int, bool)+0x28
V  [libjvm.so+0x681b2c]  os::commit_memory(char*, unsigned int, unsigned int, bool)+0x2c
V  [libjvm.so+0x6ea8d8]  PSVirtualSpace::expand_by(unsigned int)+0x48
V  [libjvm.so+0x6dc6dd]  PSOldGen::initialize(ReservedSpace, unsigned int, char const*, int)+0x7d
V  [libjvm.so+0x187f26]  AdjoiningGenerations::AdjoiningGenerations(ReservedSpace, unsigned int, unsigned int, unsigned int, unsigned int, unsigned int, unsigned int, unsigned int)+0x2a6
V  [libjvm.so+0x6a7af4]  ParallelScavengeHeap::initialize()+0x3b4
V  [libjvm.so+0x7bd1c4]  Universe::initialize_heap()+0xa4
V  [libjvm.so+0x7be7f5]  universe_init()+0x55
V  [libjvm.so+0x452775]  init_globals()+0x55
V  [libjvm.so+0x7a73b0]  Threads::create_vm(JavaVMInitArgs*, bool*)+0x200
V  [libjvm.so+0x4c544c]  JNI_CreateJavaVM+0x5c
C  [libjli.so+0x2688]  JavaMain+0x98
C  [libpthread.so.0+0x61aa]  start_thread+0xda


---------------  P R O C E S S  ---------------

Java Threads: ( => current thread )

Other Threads:

=>0xf6607800 (exited) JavaThread "Unknown thread" [_thread_in_vm, id=18419, stack(0xf67d7000,0xf6828000)]

VM state:not at safepoint (not fully initialized)

VM Mutex/Monitor currently owned by a thread: None

GC Heap History (0 events):
No events

Deoptimization events (0 events):
No events

Internal exceptions (0 events):
No events

Events (0 events):
No events


Dynamic libraries:
08048000-08049000 r-xp 00000000 08:0c 6701354                            /usr/lib/jvm/jdk1.7.0_80/bin/java
08049000-0804a000 rw-p 00000000 08:0c 6701354                            /usr/lib/jvm/jdk1.7.0_80/bin/java
08d5a000-08d7b000 rw-p 00000000 00:00 0                                  [heap]
b333f000-b34bf000 rw-p 00000000 00:00 0 
b34bf000-b3540000 rw-p 00000000 00:00 0 
b3540000-c3540000 rw-p 00000000 00:00 0 
e3324000-f3549000 rw-p 00000000 00:00 0 
f3549000-f3600000 rw-p 00000000 00:00 0 
f3600000-f3840000 rwxp 00000000 00:00 0 
f3840000-f6621000 rw-p 00000000 00:00 0 
f6621000-f6700000 ---p 00000000 00:00 0 
f6743000-f675a000 r-xp 00000000 08:0c 6970856                            /usr/lib/jvm/jdk1.7.0_80/jre/lib/i386/libzip.so
f675a000-f675b000 rw-p 00016000 08:0c 6970856                            /usr/lib/jvm/jdk1.7.0_80/jre/lib/i386/libzip.so
f675b000-f6766000 r-xp 00000000 08:0c 534753                             /lib/i386-linux-gnu/libnss_files-2.21.so
f6766000-f6767000 r--p 0000a000 08:0c 534753                             /lib/i386-linux-gnu/libnss_files-2.21.so
f6767000-f6768000 rw-p 0000b000 08:0c 534753                             /lib/i386-linux-gnu/libnss_files-2.21.so
f6768000-f6773000 r-xp 00000000 08:0c 534767                             /lib/i386-linux-gnu/libnss_nis-2.21.so
f6773000-f6774000 r--p 0000a000 08:0c 534767                             /lib/i386-linux-gnu/libnss_nis-2.21.so
f6774000-f6775000 rw-p 0000b000 08:0c 534767                             /lib/i386-linux-gnu/libnss_nis-2.21.so
f6775000-f678c000 r-xp 00000000 08:0c 534770                             /lib/i386-linux-gnu/libnsl-2.21.so
f678c000-f678d000 r--p 00016000 08:0c 534770                             /lib/i386-linux-gnu/libnsl-2.21.so
f678d000-f678e000 rw-p 00017000 08:0c 534770                             /lib/i386-linux-gnu/libnsl-2.21.so
f678e000-f6790000 rw-p 00000000 00:00 0 
f67a1000-f67a2000 rw-p 00000000 00:00 0 
f67a2000-f67aa000 rw-s 00000000 08:0c 6972546                            /tmp/hsperfdata_juan/18417
f67aa000-f67cd000 r-xp 00000000 08:0c 6970833                            /usr/lib/jvm/jdk1.7.0_80/jre/lib/i386/libjava.so
f67cd000-f67ce000 rw-p 00023000 08:0c 6970833                            /usr/lib/jvm/jdk1.7.0_80/jre/lib/i386/libjava.so
f67ce000-f67d5000 r-xp 00000000 08:0c 534754                             /lib/i386-linux-gnu/librt-2.21.so
f67d5000-f67d6000 r--p 00006000 08:0c 534754                             /lib/i386-linux-gnu/librt-2.21.so
f67d6000-f67d7000 rw-p 00007000 08:0c 534754                             /lib/i386-linux-gnu/librt-2.21.so
f67d7000-f67da000 ---p 00000000 00:00 0 
f67da000-f6828000 rw-p 00000000 00:00 0 
f6828000-f6873000 r-xp 00000000 08:0c 534756                             /lib/i386-linux-gnu/libm-2.21.so
f6873000-f6874000 r--p 0004a000 08:0c 534756                             /lib/i386-linux-gnu/libm-2.21.so
f6874000-f6875000 rw-p 0004b000 08:0c 534756                             /lib/i386-linux-gnu/libm-2.21.so
f6875000-f70fc000 r-xp 00000000 08:0c 6970862                            /usr/lib/jvm/jdk1.7.0_80/jre/lib/i386/server/libjvm.so
f70fc000-f7160000 rw-p 00886000 08:0c 6970862                            /usr/lib/jvm/jdk1.7.0_80/jre/lib/i386/server/libjvm.so
f7160000-f7584000 rw-p 00000000 00:00 0 
f7584000-f7738000 r-xp 00000000 08:0c 534773                             /lib/i386-linux-gnu/libc-2.21.so
f7738000-f773b000 r--p 001b3000 08:0c 534773                             /lib/i386-linux-gnu/libc-2.21.so
f773b000-f773d000 rw-p 001b6000 08:0c 534773                             /lib/i386-linux-gnu/libc-2.21.so
f773d000-f773f000 rw-p 00000000 00:00 0 
f773f000-f7742000 r-xp 00000000 08:0c 534760                             /lib/i386-linux-gnu/libdl-2.21.so
f7742000-f7743000 r--p 00002000 08:0c 534760                             /lib/i386-linux-gnu/libdl-2.21.so
f7743000-f7744000 rw-p 00003000 08:0c 534760                             /lib/i386-linux-gnu/libdl-2.21.so
f7744000-f7745000 rw-p 00000000 00:00 0 
f7745000-f7759000 r-xp 00000000 08:0c 6702162                            /usr/lib/jvm/jdk1.7.0_80/lib/i386/jli/libjli.so
f7759000-f775a000 rw-p 00013000 08:0c 6702162                            /usr/lib/jvm/jdk1.7.0_80/lib/i386/jli/libjli.so
f775a000-f7773000 r-xp 00000000 08:0c 534757                             /lib/i386-linux-gnu/libpthread-2.21.so
f7773000-f7774000 r--p 00018000 08:0c 534757                             /lib/i386-linux-gnu/libpthread-2.21.so
f7774000-f7775000 rw-p 00019000 08:0c 534757                             /lib/i386-linux-gnu/libpthread-2.21.so
f7775000-f7778000 rw-p 00000000 00:00 0 
f7778000-f7779000 rw-p 00000000 00:00 0 
f7779000-f7781000 r-xp 00000000 08:0c 534755                             /lib/i386-linux-gnu/libnss_compat-2.21.so
f7781000-f7782000 r--p 00007000 08:0c 534755                             /lib/i386-linux-gnu/libnss_compat-2.21.so
f7782000-f7783000 rw-p 00008000 08:0c 534755                             /lib/i386-linux-gnu/libnss_compat-2.21.so
f7783000-f7784000 rw-p 00000000 00:00 0 
f7784000-f7785000 r--p 00000000 00:00 0 
f7785000-f7790000 r-xp 00000000 08:0c 6970852                            /usr/lib/jvm/jdk1.7.0_80/jre/lib/i386/libverify.so
f7790000-f7791000 rw-p 0000b000 08:0c 6970852                            /usr/lib/jvm/jdk1.7.0_80/jre/lib/i386/libverify.so
f7791000-f7793000 rw-p 00000000 00:00 0 
f7793000-f7795000 r--p 00000000 00:00 0                                  [vvar]
f7795000-f7796000 r-xp 00000000 00:00 0                                  [vdso]
f7796000-f77b8000 r-xp 00000000 08:0c 534771                             /lib/i386-linux-gnu/ld-2.21.so
f77b8000-f77b9000 r--p 00021000 08:0c 534771                             /lib/i386-linux-gnu/ld-2.21.so
f77b9000-f77ba000 rw-p 00022000 08:0c 534771                             /lib/i386-linux-gnu/ld-2.21.so
ffc34000-ffc35000 rwxp 00000000 00:00 0 
ffc67000-ffc88000 rw-p 00000000 00:00 0                                  [stack]

VM Arguments:
jvm_args: -Dgrails.home=/home/juan/.sdkman/candidates/grails/2.3.11 -Dtools.jar=/usr/lib/jvm/jdk1.7.0_80/lib/tools.jar -Dgroovy.starter.conf=/home/juan/.sdkman/candidates/grails/2.3.11/conf/groovy-starter.conf -Xmx768M -Xms768M -XX:MaxPermSize=256m -XX:PermSize=256m -Dbase.dir=/home/juan/Escritorio/OR.MAT.INS -Dfile.encoding=UTF-8 
java_command: org.codehaus.groovy.grails.cli.support.GrailsStarter --main org.codehaus.groovy.grails.cli.GrailsScriptRunner --conf /home/juan/.sdkman/candidates/grails/2.3.11/conf/groovy-starter.conf idea-print-project-settings -plain-output
Launcher Type: SUN_STANDARD

Environment Variables:
JAVA_HOME=/usr/lib/jvm/jdk1.7.0_80
PATH=/home/juan/.sdkman/candidates/groovy/current/bin:/home/juan/.sdkman/candidates/grails/current/bin:/usr/local/sbin:/usr/local/bin:/usr/sbin:/usr/bin:/sbin:/bin:/usr/games:/usr/local/games:/home/juan/bin:/usr/lib/jvm/jdk1.7.0_80/bin
LD_LIBRARY_PATH=/home/juan/idea-IU-171.3780.107/bin:
SHELL=/bin/bash
DISPLAY=:0

Signal Handlers:
SIGSEGV: [libjvm.so+0x7eb160], sa_mask[0]=0x7ffbfeff, sa_flags=0x10000004
SIGBUS: [libjvm.so+0x7eb160], sa_mask[0]=0x7ffbfeff, sa_flags=0x10000004
SIGFPE: [libjvm.so+0x684ac0], sa_mask[0]=0x7ffbfeff, sa_flags=0x10000004
SIGPIPE: [libjvm.so+0x684ac0], sa_mask[0]=0x7ffbfeff, sa_flags=0x10000004
SIGXFSZ: [libjvm.so+0x684ac0], sa_mask[0]=0x7ffbfeff, sa_flags=0x10000004
SIGILL: [libjvm.so+0x684ac0], sa_mask[0]=0x7ffbfeff, sa_flags=0x10000004
SIGUSR1: SIG_DFL, sa_mask[0]=0x00000000, sa_flags=0x00000000
SIGUSR2: [libjvm.so+0x686330], sa_mask[0]=0x00000004, sa_flags=0x10000004
SIGHUP: SIG_DFL, sa_mask[0]=0x00000000, sa_flags=0x00000000
SIGINT: SIG_DFL, sa_mask[0]=0x00000000, sa_flags=0x00000000
SIGTERM: SIG_DFL, sa_mask[0]=0x00000000, sa_flags=0x00000000
SIGQUIT: SIG_DFL, sa_mask[0]=0x00000000, sa_flags=0x00000000


---------------  S Y S T E M  ---------------

OS:jessie/sid

uname:Linux 4.2.0-42-generic #49-Ubuntu SMP Tue Jun 28 21:26:26 UTC 2016 x86_64
libc:glibc 2.21 NPTL 2.21 
rlimit: STACK 8192k, CORE 0k, NPROC 14959, NOFILE 65536, AS infinity
load average:1.46 3.00 2.81

/proc/meminfo:
MemTotal:        3936276 kB
MemFree:          132040 kB
MemAvailable:     227768 kB
Buffers:           18912 kB
Cached:           318296 kB
SwapCached:        96680 kB
Active:          2453208 kB
Inactive:        1130180 kB
Active(anon):    2302480 kB
Inactive(anon):  1039804 kB
Active(file):     150728 kB
Inactive(file):    90376 kB
Unevictable:          56 kB
Mlocked:              56 kB
SwapTotal:       4083196 kB
SwapFree:         100676 kB
Dirty:              8952 kB
Writeback:             0 kB
AnonPages:       3149700 kB
Mapped:           119988 kB
Shmem:             96052 kB
Slab:             103456 kB
SReclaimable:      47120 kB
SUnreclaim:        56336 kB
KernelStack:       14880 kB
PageTables:        49228 kB
NFS_Unstable:          0 kB
Bounce:                0 kB
WritebackTmp:          0 kB
CommitLimit:     6051332 kB
Committed_AS:   12661304 kB
VmallocTotal:   34359738367 kB
VmallocUsed:      545624 kB
VmallocChunk:   34358423548 kB
HardwareCorrupted:     0 kB
AnonHugePages:   1243136 kB
CmaTotal:              0 kB
CmaFree:               0 kB
HugePages_Total:       0
HugePages_Free:        0
HugePages_Rsvd:        0
HugePages_Surp:        0
Hugepagesize:       2048 kB
DirectMap4k:      135936 kB
DirectMap2M:     3948544 kB
DirectMap1G:     1048576 kB


CPU:total 4 (2 cores per cpu, 2 threads per core) family 6 model 69 stepping 1, cmov, cx8, fxsr, mmx, sse, sse2, sse3, ssse3, sse4.1, sse4.2, popcnt, avx, avx2, aes, erms, ht, tsc, tscinvbit

/proc/cpuinfo:
processor	: 0
vendor_id	: GenuineIntel
cpu family	: 6
model		: 69
model name	: Intel(R) Core(TM) i3-4005U CPU @ 1.70GHz
stepping	: 1
microcode	: 0x1c
cpu MHz		: 1700.000
cache size	: 3072 KB
physical id	: 0
siblings	: 4
core id		: 0
cpu cores	: 2
apicid		: 0
initial apicid	: 0
fpu		: yes
fpu_exception	: yes
cpuid level	: 13
wp		: yes
flags		: fpu vme de pse tsc msr pae mce cx8 apic sep mtrr pge mca cmov pat pse36 clflush dts acpi mmx fxsr sse sse2 ss ht tm pbe syscall nx pdpe1gb rdtscp lm constant_tsc arch_perfmon pebs bts rep_good nopl xtopology nonstop_tsc aperfmperf eagerfpu pni pclmulqdq dtes64 monitor ds_cpl vmx est tm2 ssse3 fma cx16 xtpr pdcm pcid sse4_1 sse4_2 movbe popcnt tsc_deadline_timer aes xsave avx f16c rdrand lahf_lm abm arat epb pln pts dtherm tpr_shadow vnmi flexpriority ept vpid fsgsbase tsc_adjust bmi1 avx2 smep bmi2 erms invpcid xsaveopt
bugs		:
bogomips	: 3392.08
clflush size	: 64
cache_alignment	: 64
address sizes	: 39 bits physical, 48 bits virtual
power management:

processor	: 1
vendor_id	: GenuineIntel
cpu family	: 6
model		: 69
model name	: Intel(R) Core(TM) i3-4005U CPU @ 1.70GHz
stepping	: 1
microcode	: 0x1c
cpu MHz		: 1700.000
cache size	: 3072 KB
physical id	: 0
siblings	: 4
core id		: 0
cpu cores	: 2
apicid		: 1
initial apicid	: 1
fpu		: yes
fpu_exception	: yes
cpuid level	: 13
wp		: yes
flags		: fpu vme de pse tsc msr pae mce cx8 apic sep mtrr pge mca cmov pat pse36 clflush dts acpi mmx fxsr sse sse2 ss ht tm pbe syscall nx pdpe1gb rdtscp lm constant_tsc arch_perfmon pebs bts rep_good nopl xtopology nonstop_tsc aperfmperf eagerfpu pni pclmulqdq dtes64 monitor ds_cpl vmx est tm2 ssse3 fma cx16 xtpr pdcm pcid sse4_1 sse4_2 movbe popcnt tsc_deadline_timer aes xsave avx f16c rdrand lahf_lm abm arat epb pln pts dtherm tpr_shadow vnmi flexpriority ept vpid fsgsbase tsc_adjust bmi1 avx2 smep bmi2 erms invpcid xsaveopt
bugs		:
bogomips	: 3392.08
clflush size	: 64
cache_alignment	: 64
address sizes	: 39 bits physical, 48 bits virtual
power management:

processor	: 2
vendor_id	: GenuineIntel
cpu family	: 6
model		: 69
model name	: Intel(R) Core(TM) i3-4005U CPU @ 1.70GHz
stepping	: 1
microcode	: 0x1c
cpu MHz		: 1697.742
cache size	: 3072 KB
physical id	: 0
siblings	: 4
core id		: 1
cpu cores	: 2
apicid		: 2
initial apicid	: 2
fpu		: yes
fpu_exception	: yes
cpuid level	: 13
wp		: yes
flags		: fpu vme de pse tsc msr pae mce cx8 apic sep mtrr pge mca cmov pat pse36 clflush dts acpi mmx fxsr sse sse2 ss ht tm pbe syscall nx pdpe1gb rdtscp lm constant_tsc arch_perfmon pebs bts rep_good nopl xtopology nonstop_tsc aperfmperf eagerfpu pni pclmulqdq dtes64 monitor ds_cpl vmx est tm2 ssse3 fma cx16 xtpr pdcm pcid sse4_1 sse4_2 movbe popcnt tsc_deadline_timer aes xsave avx f16c rdrand lahf_lm abm arat epb pln pts dtherm tpr_shadow vnmi flexpriority ept vpid fsgsbase tsc_adjust bmi1 avx2 smep bmi2 erms invpcid xsaveopt
bugs		:
bogomips	: 3392.08
clflush size	: 64
cache_alignment	: 64
address sizes	: 39 bits physical, 48 bits virtual
power management:

processor	: 3
vendor_id	: GenuineIntel
cpu family	: 6
model		: 69
model name	: Intel(R) Core(TM) i3-4005U CPU @ 1.70GHz
stepping	: 1
microcode	: 0x1c
cpu MHz		: 1700.398
cache size	: 3072 KB
physical id	: 0
siblings	: 4
core id		: 1
cpu cores	: 2
apicid		: 3
initial apicid	: 3
fpu		: yes
fpu_exception	: yes
cpuid level	: 13
wp		: yes
flags		: fpu vme de pse tsc msr pae mce cx8 apic sep mtrr pge mca cmov pat pse36 clflush dts acpi mmx fxsr sse sse2 ss ht tm pbe syscall nx pdpe1gb rdtscp lm constant_tsc arch_perfmon pebs bts rep_good nopl xtopology nonstop_tsc aperfmperf eagerfpu pni pclmulqdq dtes64 monitor ds_cpl vmx est tm2 ssse3 fma cx16 xtpr pdcm pcid sse4_1 sse4_2 movbe popcnt tsc_deadline_timer aes xsave avx f16c rdrand lahf_lm abm arat epb pln pts dtherm tpr_shadow vnmi flexpriority ept vpid fsgsbase tsc_adjust bmi1 avx2 smep bmi2 erms invpcid xsaveopt
bugs		:
bogomips	: 3392.08
clflush size	: 64
cache_alignment	: 64
address sizes	: 39 bits physical, 48 bits virtual
power management:



Memory: 4k page, physical 3936276k(132040k free), swap 4083196k(100676k free)

vm_info: Java HotSpot(TM) Server VM (24.80-b11) for linux-x86 JRE (1.7.0_80-b15), built on Apr 10 2015 12:29:10 by "java_re" with gcc 4.3.0 20080428 (Red Hat 4.3.0-8)

time: Sat Oct 14 19:02:43 2017
elapsed time: 0 seconds

